Arguments: 
  C:\Program Files\nodejs\node.exe C:\Users\DatRaj\AppData\Roaming\npm\node_modules\yarn\bin\yarn.js add --dev react-scripts

PATH: 
  C:\Program Files\Common Files\Oracle\Java\javapath;C:\Program Files (x86)\Common Files\Oracle\Java\javapath;C:\Windows\system32;C:\Windows;C:\Windows\System32\Wbem;C:\Windows\System32\WindowsPowerShell\v1.0\;C:\Windows\System32\OpenSSH\;C:\Program Files\Java\jdk-20\bin;C:\Program Files\Java\jdk-17\bin;C:\Program Files\Java\jdk-11\bin;c:\program files\postgresql\16\bin;C:\Program Files (x86)\Java\jre-1.8\bin;C:\Program Files\dotnet\;C:\Users\DatRaj\AppData\Roaming\npm;C:\Program Files\apache-maven-3.9.4\bin;C:\Program Files\Git\cmd;C:\Program Files (x86)\Microsoft SQL Server\160\Tools\Binn\;C:\Program Files\Microsoft SQL Server\160\Tools\Binn\;C:\Program Files\Microsoft SQL Server\Client SDK\ODBC\170\Tools\Binn\;C:\Program Files\Microsoft SQL Server\160\DTS\Binn\;C:\Program Files\Microsoft SQL Server\150\Tools\Binn\;C:\Program Files\Azure Data Studio\bin;C:\Program Files\Go\bin;C:\Users\DatRaj\AppData\Local\Android\Sdk\cmdline-tools\bin;C:\Users\DatRaj\AppData\Local\Android\Sdk\platform-tools;C:\Program Files (x86)\Microsoft SQL Server\160\DTS\Binn\;C:\Program Files\nodejs\;C:\Users\DatRaj\AppData\Local\Flutter\bin;C:\Users\DatRaj\AppData\Local\Programs\Python\Launcher\;C:\Users\DatRaj\.cargo\bin;C:\Users\DatRaj\AppData\Local\Microsoft\WindowsApps;C:\Users\DatRaj\AppData\Local\Programs\Microsoft VS Code\bin;C:\Users\DatRaj\AppData\Local\gitkraken\bin;C:\Users\DatRaj\AppData\Local\Flutter\bin;C:\Program Files\Sublime Text;C:\Program Files\JetBrains\JetBrains Rider 2021.3.4\bin;;C:\Program Files\JetBrains\RustRover 232.9921.46\bin;;C:\Users\DatRaj\AppData\Local\Android\Sdk;C:\Users\DatRaj\AppData\Local\GitHubDesktop\bin;C:\Program Files\Azure Data Studio\bin;C:\Program Files\JetBrains\GoLand 2019.3.4\bin;;C:\Users\DatRaj\go\bin;C:\Program Files\PostgreSQL\16\bin;C:\Users\DatRaj\AppData\Local\Android\Sdk\cmdline-tools;C:\Users\DatRaj\AppData\Local\Android\Sdk\platform-tools;C:\Users\DatRaj\AppData\Roaming\npm;C:\Program Files\heroku\bin;

Yarn version: 
  1.22.19

Node version: 
  21.6.1

Platform: 
  win32 x64

Trace: 
  Error: EISDIR: illegal operation on a directory, symlink 'B:\Programming\Full Stack Project\packages\Uber Eats\packages\uber-eats-backend' -> 'B:\Programming\Full Stack Project\packages\Uber Eats\node_modules\uber-eats-backend'

npm manifest: 
  {
    "name": "uber-eats-frontend",
    "version": "1.0.0",
    "description": "<div align=\"center\">\r   <h1>React Food Delivery</h1>",
    "main": ".eslintrc.js",
    "dependencies": {
      "@apollo/client": "^3.8.10",
      "cypress": "^13.6.3",
      "graphql": "^16.8.1",
      "mapbox-gl": "^3.1.2",
      "react": "^18.2.0",
      "react-helmet-async": "^2.0.4",
      "react-hook-form": "^7.49.3",
      "react-mapbox-gl": "^5.1.1",
      "react-router-dom": "^6.21.3",
      "react-scripts": "^5.0.1",
      "victory": "^36.8.2",
      "web-vitals": "^3.5.2"
    },
    "devDependencies": {
      "@testing-library/cypress": "^10.0.1",
      "@types/jest": "^29.5.11",
      "@types/node": "^20.11.10",
      "@types/react": "^18.2.48",
      "@types/react-dom": "^18.2.18",
      "@types/react-helmet": "^6.1.11",
      "@typescript-eslint/parser": "^5.15.0",
      "autoprefixer": "^10.4.17",
      "concurrently": "^8.2.2",
      "cross-env": "^7.0.3",
      "eslint": "^8.56.0",
      "eslint-config-prettier": "^9.1.0",
      "eslint-import-resolver-typescript": "^3.6.1",
      "eslint-plugin-import": "^2.29.1",
      "eslint-plugin-jest": "^27.6.3",
      "eslint-plugin-jsx-a11y": "^6.8.0",
      "eslint-plugin-prettier": "^5.1.3",
      "eslint-plugin-react": "^7.33.2",
      "husky": "^9.0.6",
      "import-sort-parser-typescript": "^6.0.0",
      "lint-staged": "^15.2.0",
      "mock-apollo-client": "^1.2.1",
      "postcss": "^8.4.33",
      "prettier": "^3.2.4",
      "prettier-plugin-tailwindcss": "^0.5.11",
      "tailwindcss": "^3.4.1"
    },
    "scripts": {
      "apollo:codegen": "rm -rf src/types && apollo client:codegen src/types --target=typescript --outputFlat",
      "build": "react-scripts build",
      "eject": "react-scripts eject",
      "format": "prettier --write \"src/**/*.+(js|jsx|ts|tsx|json|css|scss|gql|graphql)\"",
      "lint": "eslint \"{src,apps,libs,test}/**/*.ts\" --fix",
      "start": "react-scripts start",
      "test": "react-scripts test --verbose",
      "test:coverage": "yarn test --coverage --watchAll=false",
      "typecheck": "tsc -b"
    },
    "lint-staged": {
      "**/*": "prettier --write --ignore-unknown"
    },
    "eslintConfig": {
      "extends": [
        "react-app",
        "react-app/jest"
      ]
    },
    "browserslist": {
      "production": [
        ">0.2%",
        "not dead",
        "not op_mini all"
      ],
      "development": [
        "last 1 chrome version",
        "last 1 firefox version",
        "last 1 safari version"
      ]
    },
    "jest": {
      "collectCoverageFrom": [
        "./src/app.tsx",
        "./src/components/**/*.{js,jsx,ts,tsx}",
        "./src/pages/**/*.{js,jsx,ts,tsx}",
        "./src/routers/**/*.{js,jsx,ts,tsx}"
      ]
    },
    "author": "Dattaraj Dhadas",
    "license": "ISC"
  }

yarn manifest: 
  No manifest

Lockfile: 
  No lockfile
